[0m20:29:55.609547 [debug] [MainThread]: Sending event: {'category': 'dbt', 'action': 'invocation', 'label': 'start', 'context': [<snowplow_tracker.self_describing_json.SelfDescribingJson object at 0x7f4b3d7a5410>, <snowplow_tracker.self_describing_json.SelfDescribingJson object at 0x7f4b3ab95250>, <snowplow_tracker.self_describing_json.SelfDescribingJson object at 0x7f4b3ac8a290>]}


============================== 20:29:55.616394 | 95ab9c09-d520-4c2a-8473-ef78ed3d5e44 ==============================
[0m20:29:55.616394 [info ] [MainThread]: Running with dbt=1.10.6
[0m20:29:55.617334 [debug] [MainThread]: running dbt with arguments {'printer_width': '80', 'indirect_selection': 'eager', 'log_cache_events': 'False', 'write_json': 'True', 'partial_parse': 'True', 'cache_selected_only': 'False', 'profiles_dir': '/root/.dbt', 'fail_fast': 'False', 'warn_error': 'None', 'log_path': 'logs', 'version_check': 'True', 'debug': 'False', 'use_colors': 'True', 'use_experimental_parser': 'False', 'no_print': 'None', 'quiet': 'False', 'empty': 'None', 'log_format': 'default', 'invocation_command': 'dbt init maritime_pipeline_dbt', 'warn_error_options': 'WarnErrorOptionsV2(error=[], warn=[], silence=[])', 'introspect': 'True', 'target_path': 'None', 'static_parser': 'True', 'send_anonymous_usage_stats': 'True'}
[0m20:29:55.625696 [info ] [MainThread]: Creating dbt configuration folder at /root/.dbt
[0m20:29:55.627240 [debug] [MainThread]: Starter project path: /usr/local/lib/python3.11/site-packages/dbt/include/starter_project
[0m20:29:55.632714 [info ] [MainThread]: 
Your new dbt project "maritime_pipeline_dbt" was created!

For more information on how to configure the profiles.yml file,
please consult the dbt documentation here:

  https://docs.getdbt.com/docs/configure-your-profile

One more thing:

Need help? Don't hesitate to reach out to us via GitHub issues or on Slack:

  https://community.getdbt.com/

Happy modeling!

[0m20:29:55.633242 [info ] [MainThread]: Setting up your profile.
[0m20:30:13.537369 [info ] [MainThread]: Profile maritime_pipeline_dbt written to /root/.dbt/profiles.yml using target's sample configuration. Once updated, you'll be able to start developing with dbt.
[0m20:30:13.540105 [debug] [MainThread]: Resource report: {"command_name": "init", "command_success": true, "command_wall_clock_time": 17.985518, "process_in_blocks": "6160", "process_kernel_time": 0.204914, "process_mem_max_rss": "123220", "process_out_blocks": "2160", "process_user_time": 1.640316}
[0m20:30:13.540815 [debug] [MainThread]: Command `dbt init` succeeded at 20:30:13.540669 after 17.99 seconds
[0m20:30:13.541280 [debug] [MainThread]: Sending event: {'category': 'dbt', 'action': 'invocation', 'label': 'end', 'context': [<snowplow_tracker.self_describing_json.SelfDescribingJson object at 0x7f4b3ab97590>, <snowplow_tracker.self_describing_json.SelfDescribingJson object at 0x7f4b3aa805d0>, <snowplow_tracker.self_describing_json.SelfDescribingJson object at 0x7f4b3aa82750>]}
[0m20:30:13.541661 [debug] [MainThread]: Flushing usage events
[0m20:30:14.049442 [debug] [MainThread]: An error was encountered while trying to flush usage events
